2014-10-04 13:23:10.359 HelloWorld[43054:3185975] DiskCookieStorage changing policy from 2 to 0, cookie file: file:///Users/refaelgold/Library/Developer/CoreSimulator/Devices/863D9567-3E7A-48DA-8250-FE4BADF4E727/data/Containers/Data/Application/60801B42-B6FB-479B-8D8D-F9DB776DE30B/Library/Cookies/Cookies.binarycookies
2014-10-04 13:23:10.953 HelloWorld[43054:3185975] Apache Cordova native platform version 3.6.3 is starting.
2014-10-04 13:23:10.953 HelloWorld[43054:3185975] Multi-tasking -> Device: YES, App: YES
2014-10-04 13:23:11.267 HelloWorld[43054:3185975] Unlimited access to network resources
2014-10-04 13:23:11.371 HelloWorld[43054:3185975] 

Started backup to iCloud! Please be careful.
Your application might be rejected by Apple if you store too much data.
For more information please read "iOS Data Storage Guidelines" at:
https://developer.apple.com/icloud/documentation/data-storage/

2014-10-04 13:23:13.147 HelloWorld[43054:3185975] [CDVTimer][file] 2.173007ms
2014-10-04 13:23:13.147 HelloWorld[43054:3185975] [CDVTimer][TotalPluginStartup] 2.367973ms
2014-10-04 13:23:13.854 HelloWorld[43054:3185975] Resetting plugins due to page load.
2014-10-04 13:23:17.488 HelloWorld[43054:3185975] Finished load of: file:///Users/refaelgold/Library/Developer/CoreSimulator/Devices/863D9567-3E7A-48DA-8250-FE4BADF4E727/data/Containers/Bundle/Application/DE72D67A-05CE-4F8D-A55D-0A54AE9A5525/HelloWorld.app/www/index.html
2014-10-04 13:24:07.266 HelloWorld[43245:3190865] DiskCookieStorage changing policy from 2 to 0, cookie file: file:///Users/refaelgold/Library/Developer/CoreSimulator/Devices/863D9567-3E7A-48DA-8250-FE4BADF4E727/data/Containers/Data/Application/845DBF13-97AB-487B-BD9A-E65930977A40/Library/Cookies/Cookies.binarycookies
2014-10-04 13:24:07.630 HelloWorld[43245:3190865] Apache Cordova native platform version 3.6.3 is starting.
2014-10-04 13:24:07.630 HelloWorld[43245:3190865] Multi-tasking -> Device: YES, App: YES
2014-10-04 13:24:07.638 HelloWorld[43245:3190865] Unlimited access to network resources
2014-10-04 13:24:07.640 HelloWorld[43245:3190865] 

Started backup to iCloud! Please be careful.
Your application might be rejected by Apple if you store too much data.
For more information please read "iOS Data Storage Guidelines" at:
https://developer.apple.com/icloud/documentation/data-storage/

2014-10-04 13:24:07.774 HelloWorld[43245:3190865] [CDVTimer][file] 2.016008ms
2014-10-04 13:24:07.774 HelloWorld[43245:3190865] [CDVTimer][TotalPluginStartup] 2.174973ms
2014-10-04 13:24:07.815 HelloWorld[43245:3190865] Resetting plugins due to page load.
2014-10-04 13:24:10.995 HelloWorld[43245:3190865] Finished load of: file:///Users/refaelgold/Library/Developer/CoreSimulator/Devices/863D9567-3E7A-48DA-8250-FE4BADF4E727/data/Containers/Bundle/Application/2483FE72-5DC2-41EF-92CF-4E5A194BB5B5/HelloWorld.app/www/index.html
2014-10-04 17:07:50.435 HelloWorld[43245:3190939] void SendDelegateMessage(NSInvocation *): delegate (webView:runJavaScriptTextInputPanelWithPrompt:defaultText:initiatedByFrame:) failed to return after waiting 10 seconds. main run loop mode: kCFRunLoopDefaultMode
