2014-10-04 18:12:03.871 HelloWorld[45275:3577256] DiskCookieStorage changing policy from 2 to 0, cookie file: file:///Users/refaelgold/Library/Developer/CoreSimulator/Devices/863D9567-3E7A-48DA-8250-FE4BADF4E727/data/Containers/Data/Application/1BFFA87E-CF8B-49E9-B002-A8CDF8391053/Library/Cookies/Cookies.binarycookies
2014-10-04 18:12:04.026 HelloWorld[45275:3577256] Apache Cordova native platform version 3.6.3 is starting.
2014-10-04 18:12:04.027 HelloWorld[45275:3577256] Multi-tasking -> Device: YES, App: YES
2014-10-04 18:12:04.032 HelloWorld[45275:3577256] Unlimited access to network resources
2014-10-04 18:12:04.033 HelloWorld[45275:3577256] 

Started backup to iCloud! Please be careful.
Your application might be rejected by Apple if you store too much data.
For more information please read "iOS Data Storage Guidelines" at:
https://developer.apple.com/icloud/documentation/data-storage/

2014-10-04 18:12:04.439 HelloWorld[45275:3577256] Resetting plugins due to page load.
2014-10-04 18:12:04.542 HelloWorld[45275:3577256] Finished load of: file:///Users/refaelgold/Library/Developer/CoreSimulator/Devices/863D9567-3E7A-48DA-8250-FE4BADF4E727/data/Containers/Bundle/Application/6A5B58C9-3985-4A08-A9E6-32E08E92D6CA/HelloWorld.app/www/index.html
2014-10-04 18:12:09.530 HelloWorld[45275:3577256] Resetting plugins due to page load.
2014-10-04 18:12:09.544 HelloWorld[45275:3577256] Finished load of: file:///Users/refaelgold/Library/Developer/CoreSimulator/Devices/863D9567-3E7A-48DA-8250-FE4BADF4E727/data/Containers/Bundle/Application/6A5B58C9-3985-4A08-A9E6-32E08E92D6CA/HelloWorld.app/www/index.html
2014-10-04 18:40:21.034 HelloWorld[45606:3664516] DiskCookieStorage changing policy from 2 to 0, cookie file: file:///Users/refaelgold/Library/Developer/CoreSimulator/Devices/863D9567-3E7A-48DA-8250-FE4BADF4E727/data/Containers/Data/Application/B18363ED-8411-4D31-9523-6ACCD7A1DBBC/Library/Cookies/Cookies.binarycookies
2014-10-04 18:40:21.245 HelloWorld[45606:3664516] Apache Cordova native platform version 3.6.3 is starting.
2014-10-04 18:40:21.246 HelloWorld[45606:3664516] Multi-tasking -> Device: YES, App: YES
2014-10-04 18:40:21.273 HelloWorld[45606:3664516] Unlimited access to network resources
2014-10-04 18:40:21.283 HelloWorld[45606:3664516] 

Started backup to iCloud! Please be careful.
Your application might be rejected by Apple if you store too much data.
For more information please read "iOS Data Storage Guidelines" at:
https://developer.apple.com/icloud/documentation/data-storage/

2014-10-04 18:40:21.701 HelloWorld[45606:3664516] Resetting plugins due to page load.
2014-10-04 18:40:21.848 HelloWorld[45606:3664516] Finished load of: file:///Users/refaelgold/Library/Developer/CoreSimulator/Devices/863D9567-3E7A-48DA-8250-FE4BADF4E727/data/Containers/Bundle/Application/D4F6ABE1-DA53-4CDB-8D52-2D34616A8B5A/HelloWorld.app/www/index.html
2014-10-04 18:40:24.946 HelloWorld[45606:3664516] Resetting plugins due to page load.
2014-10-04 18:40:24.994 HelloWorld[45606:3664516] Camera.getPicture: source type 1 not available.
2014-10-04 18:40:28.558 HelloWorld[45606:3664516] THREAD WARNING: ['Camera'] took '3563.199951' ms. Plugin should use a background thread.
2014-10-04 18:40:28.579 HelloWorld[45606:3664516] Finished load of: file:///Users/refaelgold/Library/Developer/CoreSimulator/Devices/863D9567-3E7A-48DA-8250-FE4BADF4E727/data/Containers/Bundle/Application/D4F6ABE1-DA53-4CDB-8D52-2D34616A8B5A/HelloWorld.app/www/index.html
2014-10-04 18:40:29.376 HelloWorld[45606:3664516] Resetting plugins due to page load.
2014-10-04 18:40:29.380 HelloWorld[45606:3664516] Camera.getPicture: source type 1 not available.
2014-10-04 18:40:31.046 HelloWorld[45606:3664516] THREAD WARNING: ['Camera'] took '1666.048096' ms. Plugin should use a background thread.
2014-10-04 18:40:31.080 HelloWorld[45606:3664516] Finished load of: file:///Users/refaelgold/Library/Developer/CoreSimulator/Devices/863D9567-3E7A-48DA-8250-FE4BADF4E727/data/Containers/Bundle/Application/D4F6ABE1-DA53-4CDB-8D52-2D34616A8B5A/HelloWorld.app/www/index.html
2014-10-04 18:41:01.838 HelloWorld[45606:3664516] Resetting plugins due to page load.
2014-10-04 18:41:01.853 HelloWorld[45606:3664516] Camera.getPicture: source type 1 not available.
2014-10-04 18:41:04.224 HelloWorld[45606:3664516] THREAD WARNING: ['Camera'] took '2371.287842' ms. Plugin should use a background thread.
2014-10-04 18:41:04.332 HelloWorld[45606:3664516] Finished load of: file:///Users/refaelgold/Library/Developer/CoreSimulator/Devices/863D9567-3E7A-48DA-8250-FE4BADF4E727/data/Containers/Bundle/Application/D4F6ABE1-DA53-4CDB-8D52-2D34616A8B5A/HelloWorld.app/www/index.html
2014-10-04 18:41:04.712 HelloWorld[45606:3664516] Resetting plugins due to page load.
2014-10-04 18:41:04.713 HelloWorld[45606:3664516] Camera.getPicture: source type 1 not available.
2014-10-04 19:04:07.348 HelloWorld[45606:3664516] THREAD WARNING: ['Camera'] took '1382634.561279' ms. Plugin should use a background thread.
2014-10-04 19:04:07.376 HelloWorld[45606:3664780] void SendDelegateMessage(NSInvocation *): delegate (webView:decidePolicyForNavigationAction:request:frame:decisionListener:) failed to return after waiting 10 seconds. main run loop mode: kCFRunLoopDefaultMode
2014-10-04 19:04:07.401 HelloWorld[45606:3664516] Finished load of: file:///Users/refaelgold/Library/Developer/CoreSimulator/Devices/863D9567-3E7A-48DA-8250-FE4BADF4E727/data/Containers/Bundle/Application/D4F6ABE1-DA53-4CDB-8D52-2D34616A8B5A/HelloWorld.app/www/index.html
2014-10-04 19:04:38.125 HelloWorld[47629:3758470] DiskCookieStorage changing policy from 2 to 0, cookie file: file:///Users/refaelgold/Library/Developer/CoreSimulator/Devices/863D9567-3E7A-48DA-8250-FE4BADF4E727/data/Containers/Data/Application/76AB336E-6702-455E-913D-54BD7FEE3B10/Library/Cookies/Cookies.binarycookies
2014-10-04 19:04:38.314 HelloWorld[47629:3758470] Apache Cordova native platform version 3.6.3 is starting.
2014-10-04 19:04:38.315 HelloWorld[47629:3758470] Multi-tasking -> Device: YES, App: YES
2014-10-04 19:04:38.322 HelloWorld[47629:3758470] Unlimited access to network resources
2014-10-04 19:04:38.343 HelloWorld[47629:3758470] 

Started backup to iCloud! Please be careful.
Your application might be rejected by Apple if you store too much data.
For more information please read "iOS Data Storage Guidelines" at:
https://developer.apple.com/icloud/documentation/data-storage/

2014-10-04 19:04:38.510 HelloWorld[47629:3758470] [CDVTimer][file] 22.296011ms
2014-10-04 19:04:38.511 HelloWorld[47629:3758470] [CDVTimer][TotalPluginStartup] 22.473991ms
2014-10-04 19:04:38.935 HelloWorld[47629:3758470] Resetting plugins due to page load.
2014-10-04 19:04:39.111 HelloWorld[47629:3758470] Finished load of: file:///Users/refaelgold/Library/Developer/CoreSimulator/Devices/863D9567-3E7A-48DA-8250-FE4BADF4E727/data/Containers/Bundle/Application/6E4194C2-D6F2-46AA-956C-285AEA0BE6ED/HelloWorld.app/www/index.html
2014-10-04 19:04:41.009 HelloWorld[47629:3758470] Resetting plugins due to page load.
2014-10-04 19:04:43.013 HelloWorld[47629:3758470] THREAD WARNING: ['Camera'] took '2001.051270' ms. Plugin should use a background thread.
2014-10-04 19:04:43.298 HelloWorld[47629:3758470] Finished load of: file:///Users/refaelgold/Library/Developer/CoreSimulator/Devices/863D9567-3E7A-48DA-8250-FE4BADF4E727/data/Containers/Bundle/Application/6E4194C2-D6F2-46AA-956C-285AEA0BE6ED/HelloWorld.app/www/index.html
2014-10-04 19:05:01.297 HelloWorld[47629:3758470] Resetting plugins due to page load.
2014-10-04 19:05:01.370 HelloWorld[47629:3758470] Finished load of: file:///Users/refaelgold/Library/Developer/CoreSimulator/Devices/863D9567-3E7A-48DA-8250-FE4BADF4E727/data/Containers/Bundle/Application/6E4194C2-D6F2-46AA-956C-285AEA0BE6ED/HelloWorld.app/www/index.html
2014-10-04 19:05:27.387 HelloWorld[47629:3758470] Resetting plugins due to page load.
2014-10-04 19:05:27.463 HelloWorld[47629:3758470] Finished load of: file:///Users/refaelgold/Library/Developer/CoreSimulator/Devices/863D9567-3E7A-48DA-8250-FE4BADF4E727/data/Containers/Bundle/Application/6E4194C2-D6F2-46AA-956C-285AEA0BE6ED/HelloWorld.app/www/index.html
2014-10-04 19:05:48.298 HelloWorld[47821:3764050] DiskCookieStorage changing policy from 2 to 0, cookie file: file:///Users/refaelgold/Library/Developer/CoreSimulator/Devices/863D9567-3E7A-48DA-8250-FE4BADF4E727/data/Containers/Data/Application/6BEC83C2-BAF8-4041-8406-3591CC2756BA/Library/Cookies/Cookies.binarycookies
2014-10-04 19:05:48.464 HelloWorld[47821:3764050] Apache Cordova native platform version 3.6.3 is starting.
2014-10-04 19:05:48.464 HelloWorld[47821:3764050] Multi-tasking -> Device: YES, App: YES
2014-10-04 19:05:48.469 HelloWorld[47821:3764050] Unlimited access to network resources
2014-10-04 19:05:48.485 HelloWorld[47821:3764050] 

Started backup to iCloud! Please be careful.
Your application might be rejected by Apple if you store too much data.
For more information please read "iOS Data Storage Guidelines" at:
https://developer.apple.com/icloud/documentation/data-storage/

2014-10-04 19:05:48.597 HelloWorld[47821:3764050] [CDVTimer][file] 2.323031ms
2014-10-04 19:05:48.597 HelloWorld[47821:3764050] [CDVTimer][TotalPluginStartup] 2.483964ms
2014-10-04 19:05:49.010 HelloWorld[47821:3764050] Resetting plugins due to page load.
2014-10-04 19:05:49.138 HelloWorld[47821:3764050] Finished load of: file:///Users/refaelgold/Library/Developer/CoreSimulator/Devices/863D9567-3E7A-48DA-8250-FE4BADF4E727/data/Containers/Bundle/Application/7726F3A7-462E-4EC1-9D97-FC6B4669D3AC/HelloWorld.app/www/index.html
2014-10-04 19:05:55.402 HelloWorld[47821:3764050] Resetting plugins due to page load.
2014-10-04 19:05:56.157 HelloWorld[47821:3764050] THREAD WARNING: ['Camera'] took '753.704834' ms. Plugin should use a background thread.
2014-10-04 19:05:56.652 HelloWorld[47821:3764050] Finished load of: file:///Users/refaelgold/Library/Developer/CoreSimulator/Devices/863D9567-3E7A-48DA-8250-FE4BADF4E727/data/Containers/Bundle/Application/7726F3A7-462E-4EC1-9D97-FC6B4669D3AC/HelloWorld.app/www/index.html
2014-10-04 19:21:09.953 HelloWorld[49675:3822464] DiskCookieStorage changing policy from 2 to 0, cookie file: file:///Users/refaelgold/Library/Developer/CoreSimulator/Devices/863D9567-3E7A-48DA-8250-FE4BADF4E727/data/Containers/Data/Application/64D2DD3E-DB24-4E3A-96C6-BEA9F935EDF0/Library/Cookies/Cookies.binarycookies
2014-10-04 19:21:10.156 HelloWorld[49675:3822464] Apache Cordova native platform version 3.6.3 is starting.
2014-10-04 19:21:10.157 HelloWorld[49675:3822464] Multi-tasking -> Device: YES, App: YES
2014-10-04 19:21:10.162 HelloWorld[49675:3822464] Unlimited access to network resources
2014-10-04 19:21:10.186 HelloWorld[49675:3822464] 

Started backup to iCloud! Please be careful.
Your application might be rejected by Apple if you store too much data.
For more information please read "iOS Data Storage Guidelines" at:
https://developer.apple.com/icloud/documentation/data-storage/

2014-10-04 19:21:10.353 HelloWorld[49675:3822464] [CDVTimer][file] 12.570024ms
2014-10-04 19:21:10.354 HelloWorld[49675:3822464] [CDVTimer][TotalPluginStartup] 12.751997ms
2014-10-04 19:21:10.779 HelloWorld[49675:3822464] Resetting plugins due to page load.
2014-10-04 19:21:10.900 HelloWorld[49675:3822464] Finished load of: file:///Users/refaelgold/Library/Developer/CoreSimulator/Devices/863D9567-3E7A-48DA-8250-FE4BADF4E727/data/Containers/Bundle/Application/730CF576-5BB7-4B29-B82E-E3039F55F81E/HelloWorld.app/www/index.html
2014-10-04 19:21:12.248 HelloWorld[49675:3822464] Resetting plugins due to page load.
2014-10-04 19:21:13.162 HelloWorld[49675:3822464] THREAD WARNING: ['Camera'] took '909.049072' ms. Plugin should use a background thread.
2014-10-04 19:21:13.546 HelloWorld[49675:3822464] Finished load of: file:///Users/refaelgold/Library/Developer/CoreSimulator/Devices/863D9567-3E7A-48DA-8250-FE4BADF4E727/data/Containers/Bundle/Application/730CF576-5BB7-4B29-B82E-E3039F55F81E/HelloWorld.app/www/index.html
2014-10-04 19:21:20.283 HelloWorld[49675:3822464] Resetting plugins due to page load.
2014-10-04 19:21:20.351 HelloWorld[49675:3822464] Finished load of: file:///Users/refaelgold/Library/Developer/CoreSimulator/Devices/863D9567-3E7A-48DA-8250-FE4BADF4E727/data/Containers/Bundle/Application/730CF576-5BB7-4B29-B82E-E3039F55F81E/HelloWorld.app/www/index.html
2014-10-04 19:21:44.013 HelloWorld[49864:3825038] DiskCookieStorage changing policy from 2 to 0, cookie file: file:///Users/refaelgold/Library/Developer/CoreSimulator/Devices/863D9567-3E7A-48DA-8250-FE4BADF4E727/data/Containers/Data/Application/44946AEA-7081-40F2-8F58-5D2EE13C61D4/Library/Cookies/Cookies.binarycookies
2014-10-04 19:21:44.085 HelloWorld[49864:3825038] Apache Cordova native platform version 3.6.3 is starting.
2014-10-04 19:21:44.085 HelloWorld[49864:3825038] Multi-tasking -> Device: YES, App: YES
2014-10-04 19:21:44.093 HelloWorld[49864:3825038] Unlimited access to network resources
2014-10-04 19:21:44.095 HelloWorld[49864:3825038] 

Started backup to iCloud! Please be careful.
Your application might be rejected by Apple if you store too much data.
For more information please read "iOS Data Storage Guidelines" at:
https://developer.apple.com/icloud/documentation/data-storage/

2014-10-04 19:21:44.205 HelloWorld[49864:3825038] [CDVTimer][file] 2.671003ms
2014-10-04 19:21:44.205 HelloWorld[49864:3825038] [CDVTimer][TotalPluginStartup] 2.904952ms
2014-10-04 19:21:44.257 HelloWorld[49864:3825038] Resetting plugins due to page load.
2014-10-04 19:21:44.301 HelloWorld[49864:3825038] Finished load of: file:///Users/refaelgold/Library/Developer/CoreSimulator/Devices/863D9567-3E7A-48DA-8250-FE4BADF4E727/data/Containers/Bundle/Application/589200E8-02CF-4C51-9F64-C355BDEE1DB6/HelloWorld.app/www/index.html
2014-10-04 19:21:48.891 HelloWorld[49864:3825038] Resetting plugins due to page load.
2014-10-04 19:21:49.051 HelloWorld[49864:3825038] THREAD WARNING: ['Camera'] took '80.120850' ms. Plugin should use a background thread.
2014-10-04 19:21:49.364 HelloWorld[49864:3825038] Finished load of: file:///Users/refaelgold/Library/Developer/CoreSimulator/Devices/863D9567-3E7A-48DA-8250-FE4BADF4E727/data/Containers/Bundle/Application/589200E8-02CF-4C51-9F64-C355BDEE1DB6/HelloWorld.app/www/index.html
2014-10-04 19:25:45.171 HelloWorld[50083:3842448] DiskCookieStorage changing policy from 2 to 0, cookie file: file:///Users/refaelgold/Library/Developer/CoreSimulator/Devices/863D9567-3E7A-48DA-8250-FE4BADF4E727/data/Containers/Data/Application/EABC9C37-D77D-4333-96E0-E4395E74A6D0/Library/Cookies/Cookies.binarycookies
2014-10-04 19:25:45.349 HelloWorld[50083:3842448] Apache Cordova native platform version 3.6.3 is starting.
2014-10-04 19:25:45.349 HelloWorld[50083:3842448] Multi-tasking -> Device: YES, App: YES
2014-10-04 19:25:45.356 HelloWorld[50083:3842448] Unlimited access to network resources
2014-10-04 19:25:45.404 HelloWorld[50083:3842448] 

Started backup to iCloud! Please be careful.
Your application might be rejected by Apple if you store too much data.
For more information please read "iOS Data Storage Guidelines" at:
https://developer.apple.com/icloud/documentation/data-storage/

2014-10-04 19:25:45.621 HelloWorld[50083:3842448] [CDVTimer][file] 52.335024ms
2014-10-04 19:25:45.621 HelloWorld[50083:3842448] [CDVTimer][TotalPluginStartup] 52.596986ms
2014-10-04 19:25:46.071 HelloWorld[50083:3842448] Resetting plugins due to page load.
2014-10-04 19:25:46.238 HelloWorld[50083:3842448] Finished load of: file:///Users/refaelgold/Library/Developer/CoreSimulator/Devices/863D9567-3E7A-48DA-8250-FE4BADF4E727/data/Containers/Bundle/Application/A83860C6-3A81-45AD-A223-28400AB96198/HelloWorld.app/www/index.html
2014-10-04 19:25:56.958 HelloWorld[50083:3842448] Resetting plugins due to page load.
2014-10-04 19:25:57.588 HelloWorld[50083:3842448] THREAD WARNING: ['Camera'] took '628.748047' ms. Plugin should use a background thread.
2014-10-04 19:25:58.022 HelloWorld[50083:3842448] Finished load of: file:///Users/refaelgold/Library/Developer/CoreSimulator/Devices/863D9567-3E7A-48DA-8250-FE4BADF4E727/data/Containers/Bundle/Application/A83860C6-3A81-45AD-A223-28400AB96198/HelloWorld.app/www/index.html
2014-10-04 19:27:00.969 HelloWorld[50083:3842448] Resetting plugins due to page load.
2014-10-04 19:27:01.116 HelloWorld[50083:3842448] Finished load of: file:///Users/refaelgold/Library/Developer/CoreSimulator/Devices/863D9567-3E7A-48DA-8250-FE4BADF4E727/data/Containers/Bundle/Application/A83860C6-3A81-45AD-A223-28400AB96198/HelloWorld.app/www/index.html
2014-10-04 19:27:05.860 HelloWorld[50083:3842448] Resetting plugins due to page load.
2014-10-04 19:27:05.955 HelloWorld[50083:3842448] Finished load of: file:///Users/refaelgold/Library/Developer/CoreSimulator/Devices/863D9567-3E7A-48DA-8250-FE4BADF4E727/data/Containers/Bundle/Application/A83860C6-3A81-45AD-A223-28400AB96198/HelloWorld.app/www/index.html
2014-10-04 19:27:37.129 HelloWorld[50083:3842448] Resetting plugins due to page load.
2014-10-04 19:27:37.213 HelloWorld[50083:3842448] Finished load of: file:///Users/refaelgold/Library/Developer/CoreSimulator/Devices/863D9567-3E7A-48DA-8250-FE4BADF4E727/data/Containers/Bundle/Application/A83860C6-3A81-45AD-A223-28400AB96198/HelloWorld.app/www/index.html
2014-10-04 19:28:15.278 HelloWorld[50500:3851799] DiskCookieStorage changing policy from 2 to 0, cookie file: file:///Users/refaelgold/Library/Developer/CoreSimulator/Devices/863D9567-3E7A-48DA-8250-FE4BADF4E727/data/Containers/Data/Application/FFAFBB34-F82C-47D0-93B2-FE22919026E9/Library/Cookies/Cookies.binarycookies
2014-10-04 19:28:15.432 HelloWorld[50500:3851799] Apache Cordova native platform version 3.6.3 is starting.
2014-10-04 19:28:15.433 HelloWorld[50500:3851799] Multi-tasking -> Device: YES, App: YES
2014-10-04 19:28:15.438 HelloWorld[50500:3851799] Unlimited access to network resources
2014-10-04 19:28:15.478 HelloWorld[50500:3851799] 

Started backup to iCloud! Please be careful.
Your application might be rejected by Apple if you store too much data.
For more information please read "iOS Data Storage Guidelines" at:
https://developer.apple.com/icloud/documentation/data-storage/

2014-10-04 19:28:15.644 HelloWorld[50500:3851799] [CDVTimer][file] 39.598048ms
2014-10-04 19:28:15.644 HelloWorld[50500:3851799] [CDVTimer][TotalPluginStartup] 39.770007ms
2014-10-04 19:28:15.913 HelloWorld[50500:3851799] Resetting plugins due to page load.
2014-10-04 19:28:16.010 HelloWorld[50500:3851799] Finished load of: file:///Users/refaelgold/Library/Developer/CoreSimulator/Devices/863D9567-3E7A-48DA-8250-FE4BADF4E727/data/Containers/Bundle/Application/9B6F6358-D550-4204-BCBB-02A2164201D9/HelloWorld.app/www/index.html
2014-10-04 19:28:17.385 HelloWorld[50500:3851799] Resetting plugins due to page load.
2014-10-04 19:28:18.786 HelloWorld[50500:3851799] THREAD WARNING: ['Camera'] took '1388.990967' ms. Plugin should use a background thread.
2014-10-04 19:28:21.154 HelloWorld[50500:3851799] Finished load of: file:///Users/refaelgold/Library/Developer/CoreSimulator/Devices/863D9567-3E7A-48DA-8250-FE4BADF4E727/data/Containers/Bundle/Application/9B6F6358-D550-4204-BCBB-02A2164201D9/HelloWorld.app/www/index.html
2014-10-04 19:28:21.239 HelloWorld[50500:3851799] THREAD WARNING: ['File'] took '29.286133' ms. Plugin should use a background thread.
2014-10-04 19:29:44.400 HelloWorld[50692:3855350] DiskCookieStorage changing policy from 2 to 0, cookie file: file:///Users/refaelgold/Library/Developer/CoreSimulator/Devices/863D9567-3E7A-48DA-8250-FE4BADF4E727/data/Containers/Data/Application/283DD85A-D071-461D-8BA8-3E27D10163BC/Library/Cookies/Cookies.binarycookies
2014-10-04 19:29:44.567 HelloWorld[50692:3855350] Apache Cordova native platform version 3.6.3 is starting.
2014-10-04 19:29:44.567 HelloWorld[50692:3855350] Multi-tasking -> Device: YES, App: YES
2014-10-04 19:29:44.573 HelloWorld[50692:3855350] Unlimited access to network resources
2014-10-04 19:29:44.612 HelloWorld[50692:3855350] 

Started backup to iCloud! Please be careful.
Your application might be rejected by Apple if you store too much data.
For more information please read "iOS Data Storage Guidelines" at:
https://developer.apple.com/icloud/documentation/data-storage/

2014-10-04 19:29:44.731 HelloWorld[50692:3855350] [CDVTimer][file] 2.456963ms
2014-10-04 19:29:44.731 HelloWorld[50692:3855350] [CDVTimer][TotalPluginStartup] 2.623022ms
2014-10-04 19:29:45.039 HelloWorld[50692:3855350] Resetting plugins due to page load.
2014-10-04 19:29:45.144 HelloWorld[50692:3855350] Finished load of: file:///Users/refaelgold/Library/Developer/CoreSimulator/Devices/863D9567-3E7A-48DA-8250-FE4BADF4E727/data/Containers/Bundle/Application/2B6CAC47-2F91-40D9-B500-D5B3E74AA3DB/HelloWorld.app/www/index.html
2014-10-04 19:29:47.064 HelloWorld[50692:3855350] Resetting plugins due to page load.
2014-10-04 19:29:47.630 HelloWorld[50692:3855350] THREAD WARNING: ['Camera'] took '563.800049' ms. Plugin should use a background thread.
2014-10-04 19:29:47.890 HelloWorld[50692:3855350] Finished load of: file:///Users/refaelgold/Library/Developer/CoreSimulator/Devices/863D9567-3E7A-48DA-8250-FE4BADF4E727/data/Containers/Bundle/Application/2B6CAC47-2F91-40D9-B500-D5B3E74AA3DB/HelloWorld.app/www/index.html
2014-10-04 19:32:46.343 HelloWorld[51120:3866779] DiskCookieStorage changing policy from 2 to 0, cookie file: file:///Users/refaelgold/Library/Developer/CoreSimulator/Devices/863D9567-3E7A-48DA-8250-FE4BADF4E727/data/Containers/Data/Application/92D0DBD6-4EE1-4639-902F-C2F90CE0D94F/Library/Cookies/Cookies.binarycookies
2014-10-04 19:32:46.458 HelloWorld[51120:3866779] Apache Cordova native platform version 3.6.3 is starting.
2014-10-04 19:32:46.458 HelloWorld[51120:3866779] Multi-tasking -> Device: YES, App: YES
2014-10-04 19:32:46.464 HelloWorld[51120:3866779] Unlimited access to network resources
2014-10-04 19:32:46.504 HelloWorld[51120:3866779] 

Started backup to iCloud! Please be careful.
Your application might be rejected by Apple if you store too much data.
For more information please read "iOS Data Storage Guidelines" at:
https://developer.apple.com/icloud/documentation/data-storage/

2014-10-04 19:32:46.607 HelloWorld[51120:3866779] [CDVTimer][file] 2.234995ms
2014-10-04 19:32:46.607 HelloWorld[51120:3866779] [CDVTimer][TotalPluginStartup] 2.385020ms
2014-10-04 19:32:46.854 HelloWorld[51120:3866779] Resetting plugins due to page load.
2014-10-04 19:32:46.985 HelloWorld[51120:3866779] Finished load of: file:///Users/refaelgold/Library/Developer/CoreSimulator/Devices/863D9567-3E7A-48DA-8250-FE4BADF4E727/data/Containers/Bundle/Application/B8CA319C-A97E-4E5E-AA8D-D6D8A661AFB7/HelloWorld.app/www/index.html
2014-10-04 19:32:56.527 HelloWorld[51120:3866779] Resetting plugins due to page load.
2014-10-04 19:32:56.949 HelloWorld[51120:3866779] THREAD WARNING: ['Camera'] took '419.976807' ms. Plugin should use a background thread.
2014-10-04 19:32:57.203 HelloWorld[51120:3866779] Finished load of: file:///Users/refaelgold/Library/Developer/CoreSimulator/Devices/863D9567-3E7A-48DA-8250-FE4BADF4E727/data/Containers/Bundle/Application/B8CA319C-A97E-4E5E-AA8D-D6D8A661AFB7/HelloWorld.app/www/index.html
2014-10-04 19:34:11.032 HelloWorld[51307:3872833] DiskCookieStorage changing policy from 2 to 0, cookie file: file:///Users/refaelgold/Library/Developer/CoreSimulator/Devices/863D9567-3E7A-48DA-8250-FE4BADF4E727/data/Containers/Data/Application/7CA1FC84-3411-4A1A-89B7-066DFE0B42A9/Library/Cookies/Cookies.binarycookies
2014-10-04 19:34:11.114 HelloWorld[51307:3872833] Apache Cordova native platform version 3.6.3 is starting.
2014-10-04 19:34:11.114 HelloWorld[51307:3872833] Multi-tasking -> Device: YES, App: YES
2014-10-04 19:34:11.121 HelloWorld[51307:3872833] Unlimited access to network resources
2014-10-04 19:34:11.124 HelloWorld[51307:3872833] 

Started backup to iCloud! Please be careful.
Your application might be rejected by Apple if you store too much data.
For more information please read "iOS Data Storage Guidelines" at:
https://developer.apple.com/icloud/documentation/data-storage/

2014-10-04 19:34:11.238 HelloWorld[51307:3872833] [CDVTimer][file] 2.853990ms
2014-10-04 19:34:11.238 HelloWorld[51307:3872833] [CDVTimer][TotalPluginStartup] 3.024995ms
2014-10-04 19:34:11.305 HelloWorld[51307:3872833] Resetting plugins due to page load.
2014-10-04 19:34:11.351 HelloWorld[51307:3872833] Finished load of: file:///Users/refaelgold/Library/Developer/CoreSimulator/Devices/863D9567-3E7A-48DA-8250-FE4BADF4E727/data/Containers/Bundle/Application/E95A1E7C-23C6-4EB5-A831-BDF701EE73CC/HelloWorld.app/www/index.html
2014-10-04 19:34:15.388 HelloWorld[51307:3872833] Resetting plugins due to page load.
2014-10-04 19:34:15.674 HelloWorld[51307:3872833] THREAD WARNING: ['Camera'] took '283.164062' ms. Plugin should use a background thread.
2014-10-04 19:34:15.861 HelloWorld[51307:3872833] Finished load of: file:///Users/refaelgold/Library/Developer/CoreSimulator/Devices/863D9567-3E7A-48DA-8250-FE4BADF4E727/data/Containers/Bundle/Application/E95A1E7C-23C6-4EB5-A831-BDF701EE73CC/HelloWorld.app/www/index.html
2014-10-04 19:34:35.190 HelloWorld[51307:3872833] Resetting plugins due to page load.
2014-10-04 19:34:35.279 HelloWorld[51307:3872833] Finished load of: file:///Users/refaelgold/Library/Developer/CoreSimulator/Devices/863D9567-3E7A-48DA-8250-FE4BADF4E727/data/Containers/Bundle/Application/E95A1E7C-23C6-4EB5-A831-BDF701EE73CC/HelloWorld.app/www/index.html
2014-10-04 19:34:45.992 HelloWorld[51493:3875175] DiskCookieStorage changing policy from 2 to 0, cookie file: file:///Users/refaelgold/Library/Developer/CoreSimulator/Devices/863D9567-3E7A-48DA-8250-FE4BADF4E727/data/Containers/Data/Application/DE1ED25A-740C-4AB1-9F1C-4984DB02F2B9/Library/Cookies/Cookies.binarycookies
2014-10-04 19:34:46.072 HelloWorld[51493:3875175] Apache Cordova native platform version 3.6.3 is starting.
2014-10-04 19:34:46.072 HelloWorld[51493:3875175] Multi-tasking -> Device: YES, App: YES
2014-10-04 19:34:46.079 HelloWorld[51493:3875175] Unlimited access to network resources
2014-10-04 19:34:46.081 HelloWorld[51493:3875175] 

Started backup to iCloud! Please be careful.
Your application might be rejected by Apple if you store too much data.
For more information please read "iOS Data Storage Guidelines" at:
https://developer.apple.com/icloud/documentation/data-storage/

2014-10-04 19:34:46.438 HelloWorld[51493:3875175] [CDVTimer][file] 2.292991ms
2014-10-04 19:34:46.438 HelloWorld[51493:3875175] [CDVTimer][TotalPluginStartup] 2.529025ms
2014-10-04 19:34:46.483 HelloWorld[51493:3875175] Resetting plugins due to page load.
2014-10-04 19:34:46.529 HelloWorld[51493:3875175] Finished load of: file:///Users/refaelgold/Library/Developer/CoreSimulator/Devices/863D9567-3E7A-48DA-8250-FE4BADF4E727/data/Containers/Bundle/Application/9BD300BB-8F35-4C79-9496-D590302759DD/HelloWorld.app/www/index.html
2014-10-04 19:34:49.425 HelloWorld[51493:3875175] Resetting plugins due to page load.
2014-10-04 19:34:49.544 HelloWorld[51493:3875175] THREAD WARNING: ['Camera'] took '111.270996' ms. Plugin should use a background thread.
2014-10-04 19:34:49.796 HelloWorld[51493:3875175] Finished load of: file:///Users/refaelgold/Library/Developer/CoreSimulator/Devices/863D9567-3E7A-48DA-8250-FE4BADF4E727/data/Containers/Bundle/Application/9BD300BB-8F35-4C79-9496-D590302759DD/HelloWorld.app/www/index.html
2014-10-04 19:37:14.913 HelloWorld[51695:3884444] DiskCookieStorage changing policy from 2 to 0, cookie file: file:///Users/refaelgold/Library/Developer/CoreSimulator/Devices/863D9567-3E7A-48DA-8250-FE4BADF4E727/data/Containers/Data/Application/BCB668A0-C4D6-461A-B48F-5860A15CE05F/Library/Cookies/Cookies.binarycookies
2014-10-04 19:37:14.984 HelloWorld[51695:3884444] Apache Cordova native platform version 3.6.3 is starting.
2014-10-04 19:37:14.984 HelloWorld[51695:3884444] Multi-tasking -> Device: YES, App: YES
2014-10-04 19:37:14.991 HelloWorld[51695:3884444] Unlimited access to network resources
2014-10-04 19:37:14.993 HelloWorld[51695:3884444] 

Started backup to iCloud! Please be careful.
Your application might be rejected by Apple if you store too much data.
For more information please read "iOS Data Storage Guidelines" at:
https://developer.apple.com/icloud/documentation/data-storage/

2014-10-04 19:37:15.097 HelloWorld[51695:3884444] [CDVTimer][file] 2.207994ms
2014-10-04 19:37:15.097 HelloWorld[51695:3884444] [CDVTimer][TotalPluginStartup] 2.429008ms
2014-10-04 19:37:15.187 HelloWorld[51695:3884444] Resetting plugins due to page load.
2014-10-04 19:37:15.233 HelloWorld[51695:3884444] Finished load of: file:///Users/refaelgold/Library/Developer/CoreSimulator/Devices/863D9567-3E7A-48DA-8250-FE4BADF4E727/data/Containers/Bundle/Application/A2B68639-02D5-4704-86C6-417163C352AB/HelloWorld.app/www/index.html
2014-10-04 19:37:18.357 HelloWorld[51695:3884444] Resetting plugins due to page load.
2014-10-04 19:37:18.358 HelloWorld[51695:3884444] Camera.getPicture: source type 1 not available.
2014-10-04 19:37:19.952 HelloWorld[51695:3884444] THREAD WARNING: ['Camera'] took '1594.690674' ms. Plugin should use a background thread.
2014-10-04 19:37:19.968 HelloWorld[51695:3884444] Finished load of: file:///Users/refaelgold/Library/Developer/CoreSimulator/Devices/863D9567-3E7A-48DA-8250-FE4BADF4E727/data/Containers/Bundle/Application/A2B68639-02D5-4704-86C6-417163C352AB/HelloWorld.app/www/index.html
2014-10-04 19:37:38.055 HelloWorld[51881:3886643] DiskCookieStorage changing policy from 2 to 0, cookie file: file:///Users/refaelgold/Library/Developer/CoreSimulator/Devices/863D9567-3E7A-48DA-8250-FE4BADF4E727/data/Containers/Data/Application/8778DB45-775E-474B-976B-226EDD99BBF8/Library/Cookies/Cookies.binarycookies
2014-10-04 19:37:38.109 HelloWorld[51881:3886643] Apache Cordova native platform version 3.6.3 is starting.
2014-10-04 19:37:38.109 HelloWorld[51881:3886643] Multi-tasking -> Device: YES, App: YES
2014-10-04 19:37:38.114 HelloWorld[51881:3886643] Unlimited access to network resources
2014-10-04 19:37:38.116 HelloWorld[51881:3886643] 

Started backup to iCloud! Please be careful.
Your application might be rejected by Apple if you store too much data.
For more information please read "iOS Data Storage Guidelines" at:
https://developer.apple.com/icloud/documentation/data-storage/

2014-10-04 19:37:38.213 HelloWorld[51881:3886643] [CDVTimer][file] 2.148986ms
2014-10-04 19:37:38.213 HelloWorld[51881:3886643] [CDVTimer][TotalPluginStartup] 2.348959ms
2014-10-04 19:37:38.260 HelloWorld[51881:3886643] Resetting plugins due to page load.
2014-10-04 19:37:38.298 HelloWorld[51881:3886643] Finished load of: file:///Users/refaelgold/Library/Developer/CoreSimulator/Devices/863D9567-3E7A-48DA-8250-FE4BADF4E727/data/Containers/Bundle/Application/405D1E4A-C8B3-4281-B0E0-BCC51502F4C8/HelloWorld.app/www/index.html
2014-10-04 19:37:39.780 HelloWorld[51881:3886643] Resetting plugins due to page load.
2014-10-04 19:37:39.874 HelloWorld[51881:3886643] THREAD WARNING: ['Camera'] took '92.308105' ms. Plugin should use a background thread.
2014-10-04 19:37:40.082 HelloWorld[51881:3886643] Finished load of: file:///Users/refaelgold/Library/Developer/CoreSimulator/Devices/863D9567-3E7A-48DA-8250-FE4BADF4E727/data/Containers/Bundle/Application/405D1E4A-C8B3-4281-B0E0-BCC51502F4C8/HelloWorld.app/www/index.html
2014-10-04 19:38:48.587 HelloWorld[52071:3892915] DiskCookieStorage changing policy from 2 to 0, cookie file: file:///Users/refaelgold/Library/Developer/CoreSimulator/Devices/863D9567-3E7A-48DA-8250-FE4BADF4E727/data/Containers/Data/Application/03A44FCB-E122-4CBE-81FC-FCED18DE43B7/Library/Cookies/Cookies.binarycookies
2014-10-04 19:38:48.672 HelloWorld[52071:3892915] Apache Cordova native platform version 3.6.3 is starting.
2014-10-04 19:38:48.673 HelloWorld[52071:3892915] Multi-tasking -> Device: YES, App: YES
2014-10-04 19:38:48.678 HelloWorld[52071:3892915] Unlimited access to network resources
2014-10-04 19:38:48.681 HelloWorld[52071:3892915] 

Started backup to iCloud! Please be careful.
Your application might be rejected by Apple if you store too much data.
For more information please read "iOS Data Storage Guidelines" at:
https://developer.apple.com/icloud/documentation/data-storage/

2014-10-04 19:38:48.787 HelloWorld[52071:3892915] [CDVTimer][file] 1.973987ms
2014-10-04 19:38:48.787 HelloWorld[52071:3892915] [CDVTimer][TotalPluginStartup] 2.124012ms
2014-10-04 19:38:48.834 HelloWorld[52071:3892915] Resetting plugins due to page load.
2014-10-04 19:38:48.876 HelloWorld[52071:3892915] Finished load of: file:///Users/refaelgold/Library/Developer/CoreSimulator/Devices/863D9567-3E7A-48DA-8250-FE4BADF4E727/data/Containers/Bundle/Application/540CCED3-2BF0-45BB-8CAA-7FF2B76D85C6/HelloWorld.app/www/index.html
2014-10-04 19:38:53.497 HelloWorld[52071:3892915] Resetting plugins due to page load.
2014-10-04 19:38:53.553 HelloWorld[52071:3892915] THREAD WARNING: ['Camera'] took '45.197998' ms. Plugin should use a background thread.
2014-10-04 19:38:53.705 HelloWorld[52071:3892915] Finished load of: file:///Users/refaelgold/Library/Developer/CoreSimulator/Devices/863D9567-3E7A-48DA-8250-FE4BADF4E727/data/Containers/Bundle/Application/540CCED3-2BF0-45BB-8CAA-7FF2B76D85C6/HelloWorld.app/www/index.html
2014-10-04 19:39:18.501 HelloWorld[52259:3895384] DiskCookieStorage changing policy from 2 to 0, cookie file: file:///Users/refaelgold/Library/Developer/CoreSimulator/Devices/863D9567-3E7A-48DA-8250-FE4BADF4E727/data/Containers/Data/Application/3D4D489B-7E32-4D5E-AF91-9DCD45AE85C2/Library/Cookies/Cookies.binarycookies
2014-10-04 19:39:18.592 HelloWorld[52259:3895384] Apache Cordova native platform version 3.6.3 is starting.
2014-10-04 19:39:18.593 HelloWorld[52259:3895384] Multi-tasking -> Device: YES, App: YES
2014-10-04 19:39:18.599 HelloWorld[52259:3895384] Unlimited access to network resources
2014-10-04 19:39:18.601 HelloWorld[52259:3895384] 

Started backup to iCloud! Please be careful.
Your application might be rejected by Apple if you store too much data.
For more information please read "iOS Data Storage Guidelines" at:
https://developer.apple.com/icloud/documentation/data-storage/

2014-10-04 19:39:18.700 HelloWorld[52259:3895384] [CDVTimer][file] 2.155960ms
2014-10-04 19:39:18.700 HelloWorld[52259:3895384] [CDVTimer][TotalPluginStartup] 2.328992ms
2014-10-04 19:39:18.748 HelloWorld[52259:3895384] Resetting plugins due to page load.
2014-10-04 19:39:18.792 HelloWorld[52259:3895384] Finished load of: file:///Users/refaelgold/Library/Developer/CoreSimulator/Devices/863D9567-3E7A-48DA-8250-FE4BADF4E727/data/Containers/Bundle/Application/B6D43317-96A1-4F8F-97A4-67ED6497239F/HelloWorld.app/www/index.html
2014-10-04 19:39:39.593 HelloWorld[52259:3895384] Resetting plugins due to page load.
2014-10-04 19:39:39.659 HelloWorld[52259:3895384] THREAD WARNING: ['Camera'] took '57.059082' ms. Plugin should use a background thread.
2014-10-04 19:39:39.865 HelloWorld[52259:3895384] Finished load of: file:///Users/refaelgold/Library/Developer/CoreSimulator/Devices/863D9567-3E7A-48DA-8250-FE4BADF4E727/data/Containers/Bundle/Application/B6D43317-96A1-4F8F-97A4-67ED6497239F/HelloWorld.app/www/index.html
2014-10-04 19:41:45.368 HelloWorld[52455:3905063] DiskCookieStorage changing policy from 2 to 0, cookie file: file:///Users/refaelgold/Library/Developer/CoreSimulator/Devices/863D9567-3E7A-48DA-8250-FE4BADF4E727/data/Containers/Data/Application/16D3730C-8B11-4F80-AB59-7396995A0795/Library/Cookies/Cookies.binarycookies
2014-10-04 19:41:45.447 HelloWorld[52455:3905063] Apache Cordova native platform version 3.6.3 is starting.
2014-10-04 19:41:45.447 HelloWorld[52455:3905063] Multi-tasking -> Device: YES, App: YES
2014-10-04 19:41:45.452 HelloWorld[52455:3905063] Unlimited access to network resources
2014-10-04 19:41:45.454 HelloWorld[52455:3905063] 

Started backup to iCloud! Please be careful.
Your application might be rejected by Apple if you store too much data.
For more information please read "iOS Data Storage Guidelines" at:
https://developer.apple.com/icloud/documentation/data-storage/

2014-10-04 19:41:45.541 HelloWorld[52455:3905063] [CDVTimer][file] 2.155960ms
2014-10-04 19:41:45.541 HelloWorld[52455:3905063] [CDVTimer][TotalPluginStartup] 2.325952ms
2014-10-04 19:41:45.638 HelloWorld[52455:3905063] Resetting plugins due to page load.
2014-10-04 19:41:45.701 HelloWorld[52455:3905063] Finished load of: file:///Users/refaelgold/Library/Developer/CoreSimulator/Devices/863D9567-3E7A-48DA-8250-FE4BADF4E727/data/Containers/Bundle/Application/7C36F7C2-61EE-41F6-BB5B-4225C898E36A/HelloWorld.app/www/index.html
2014-10-04 19:41:46.955 HelloWorld[52455:3905063] Resetting plugins due to page load.
2014-10-04 19:41:47.074 HelloWorld[52455:3905063] THREAD WARNING: ['Camera'] took '103.297119' ms. Plugin should use a background thread.
2014-10-04 19:41:47.347 HelloWorld[52455:3905063] Finished load of: file:///Users/refaelgold/Library/Developer/CoreSimulator/Devices/863D9567-3E7A-48DA-8250-FE4BADF4E727/data/Containers/Bundle/Application/7C36F7C2-61EE-41F6-BB5B-4225C898E36A/HelloWorld.app/www/index.html
2014-10-04 19:41:55.106 HelloWorld[52455:3905063] Resetting plugins due to page load.
2014-10-04 19:41:55.184 HelloWorld[52455:3905063] Finished load of: file:///Users/refaelgold/Library/Developer/CoreSimulator/Devices/863D9567-3E7A-48DA-8250-FE4BADF4E727/data/Containers/Bundle/Application/7C36F7C2-61EE-41F6-BB5B-4225C898E36A/HelloWorld.app/www/index.html
2014-10-04 19:42:39.412 HelloWorld[52642:3909998] DiskCookieStorage changing policy from 2 to 0, cookie file: file:///Users/refaelgold/Library/Developer/CoreSimulator/Devices/863D9567-3E7A-48DA-8250-FE4BADF4E727/data/Containers/Data/Application/F5AA979A-DF5A-4CBA-99C2-5F3718F4A8CD/Library/Cookies/Cookies.binarycookies
2014-10-04 19:42:39.491 HelloWorld[52642:3909998] Apache Cordova native platform version 3.6.3 is starting.
2014-10-04 19:42:39.492 HelloWorld[52642:3909998] Multi-tasking -> Device: YES, App: YES
2014-10-04 19:42:39.498 HelloWorld[52642:3909998] Unlimited access to network resources
2014-10-04 19:42:39.500 HelloWorld[52642:3909998] 

Started backup to iCloud! Please be careful.
Your application might be rejected by Apple if you store too much data.
For more information please read "iOS Data Storage Guidelines" at:
https://developer.apple.com/icloud/documentation/data-storage/

2014-10-04 19:42:39.587 HelloWorld[52642:3909998] [CDVTimer][file] 2.016008ms
2014-10-04 19:42:39.588 HelloWorld[52642:3909998] [CDVTimer][TotalPluginStartup] 2.170980ms
2014-10-04 19:42:39.632 HelloWorld[52642:3909998] Resetting plugins due to page load.
2014-10-04 19:42:39.678 HelloWorld[52642:3909998] Finished load of: file:///Users/refaelgold/Library/Developer/CoreSimulator/Devices/863D9567-3E7A-48DA-8250-FE4BADF4E727/data/Containers/Bundle/Application/56DD91D5-FB0F-4238-87F8-C6D91FB0EBC6/HelloWorld.app/www/index.html
2014-10-04 19:42:54.330 HelloWorld[52827:3911460] DiskCookieStorage changing policy from 2 to 0, cookie file: file:///Users/refaelgold/Library/Developer/CoreSimulator/Devices/863D9567-3E7A-48DA-8250-FE4BADF4E727/data/Containers/Data/Application/7954203B-69DF-47AC-B3D2-186F25F2DF93/Library/Cookies/Cookies.binarycookies
2014-10-04 19:42:54.388 HelloWorld[52827:3911460] Apache Cordova native platform version 3.6.3 is starting.
2014-10-04 19:42:54.389 HelloWorld[52827:3911460] Multi-tasking -> Device: YES, App: YES
2014-10-04 19:42:54.394 HelloWorld[52827:3911460] Unlimited access to network resources
2014-10-04 19:42:54.396 HelloWorld[52827:3911460] 

Started backup to iCloud! Please be careful.
Your application might be rejected by Apple if you store too much data.
For more information please read "iOS Data Storage Guidelines" at:
https://developer.apple.com/icloud/documentation/data-storage/

2014-10-04 19:42:54.481 HelloWorld[52827:3911460] [CDVTimer][file] 2.359033ms
2014-10-04 19:42:54.481 HelloWorld[52827:3911460] [CDVTimer][TotalPluginStartup] 2.593994ms
2014-10-04 19:42:54.529 HelloWorld[52827:3911460] Resetting plugins due to page load.
2014-10-04 19:42:54.571 HelloWorld[52827:3911460] Finished load of: file:///Users/refaelgold/Library/Developer/CoreSimulator/Devices/863D9567-3E7A-48DA-8250-FE4BADF4E727/data/Containers/Bundle/Application/3B650158-0138-41C6-86FD-554EA1F02D35/HelloWorld.app/www/index.html
2014-10-04 19:43:15.754 HelloWorld[53011:3913586] DiskCookieStorage changing policy from 2 to 0, cookie file: file:///Users/refaelgold/Library/Developer/CoreSimulator/Devices/863D9567-3E7A-48DA-8250-FE4BADF4E727/data/Containers/Data/Application/B20E8D3F-135B-4021-895E-10F6131803BA/Library/Cookies/Cookies.binarycookies
2014-10-04 19:43:15.828 HelloWorld[53011:3913586] Apache Cordova native platform version 3.6.3 is starting.
2014-10-04 19:43:15.829 HelloWorld[53011:3913586] Multi-tasking -> Device: YES, App: YES
2014-10-04 19:43:15.835 HelloWorld[53011:3913586] Unlimited access to network resources
2014-10-04 19:43:15.838 HelloWorld[53011:3913586] 

Started backup to iCloud! Please be careful.
Your application might be rejected by Apple if you store too much data.
For more information please read "iOS Data Storage Guidelines" at:
https://developer.apple.com/icloud/documentation/data-storage/

2014-10-04 19:43:15.977 HelloWorld[53011:3913586] [CDVTimer][file] 2.276957ms
2014-10-04 19:43:15.978 HelloWorld[53011:3913586] [CDVTimer][TotalPluginStartup] 2.489030ms
2014-10-04 19:43:16.022 HelloWorld[53011:3913586] Resetting plugins due to page load.
2014-10-04 19:43:16.063 HelloWorld[53011:3913586] Finished load of: file:///Users/refaelgold/Library/Developer/CoreSimulator/Devices/863D9567-3E7A-48DA-8250-FE4BADF4E727/data/Containers/Bundle/Application/14C19675-87C2-41DA-9089-B5F5588C6846/HelloWorld.app/www/index.html
2014-10-04 19:43:17.467 HelloWorld[53011:3913586] THREAD WARNING: ['Camera'] took '61.619873' ms. Plugin should use a background thread.
2014-10-04 19:44:13.839 HelloWorld[53207:3917838] DiskCookieStorage changing policy from 2 to 0, cookie file: file:///Users/refaelgold/Library/Developer/CoreSimulator/Devices/863D9567-3E7A-48DA-8250-FE4BADF4E727/data/Containers/Data/Application/E5C61E6F-DE28-4037-B05C-023D602C4941/Library/Cookies/Cookies.binarycookies
2014-10-04 19:44:13.901 HelloWorld[53207:3917838] Apache Cordova native platform version 3.6.3 is starting.
2014-10-04 19:44:13.902 HelloWorld[53207:3917838] Multi-tasking -> Device: YES, App: YES
2014-10-04 19:44:13.908 HelloWorld[53207:3917838] Unlimited access to network resources
2014-10-04 19:44:13.911 HelloWorld[53207:3917838] 

Started backup to iCloud! Please be careful.
Your application might be rejected by Apple if you store too much data.
For more information please read "iOS Data Storage Guidelines" at:
https://developer.apple.com/icloud/documentation/data-storage/

2014-10-04 19:44:14.039 HelloWorld[53207:3917838] [CDVTimer][file] 1.960993ms
2014-10-04 19:44:14.040 HelloWorld[53207:3917838] [CDVTimer][TotalPluginStartup] 2.115011ms
2014-10-04 19:44:14.082 HelloWorld[53207:3917838] Resetting plugins due to page load.
2014-10-04 19:44:14.125 HelloWorld[53207:3917838] Finished load of: file:///Users/refaelgold/Library/Developer/CoreSimulator/Devices/863D9567-3E7A-48DA-8250-FE4BADF4E727/data/Containers/Bundle/Application/0F9EB719-5D5F-4D5F-9F37-0C5D46810B02/HelloWorld.app/www/index.html
2014-10-04 19:44:15.398 HelloWorld[53207:3917838] THREAD WARNING: ['Camera'] took '33.845947' ms. Plugin should use a background thread.
2014-10-04 19:45:52.220 HelloWorld[53469:3922299] DiskCookieStorage changing policy from 2 to 0, cookie file: file:///Users/refaelgold/Library/Developer/CoreSimulator/Devices/863D9567-3E7A-48DA-8250-FE4BADF4E727/data/Containers/Data/Application/05EE9587-C323-4549-844E-54AAA5C22D99/Library/Cookies/Cookies.binarycookies
2014-10-04 19:45:52.297 HelloWorld[53469:3922299] Apache Cordova native platform version 3.6.3 is starting.
2014-10-04 19:45:52.298 HelloWorld[53469:3922299] Multi-tasking -> Device: YES, App: YES
2014-10-04 19:45:52.304 HelloWorld[53469:3922299] Unlimited access to network resources
2014-10-04 19:45:52.306 HelloWorld[53469:3922299] 

Started backup to iCloud! Please be careful.
Your application might be rejected by Apple if you store too much data.
For more information please read "iOS Data Storage Guidelines" at:
https://developer.apple.com/icloud/documentation/data-storage/

2014-10-04 19:45:52.399 HelloWorld[53469:3922299] [CDVTimer][file] 2.022982ms
2014-10-04 19:45:52.399 HelloWorld[53469:3922299] [CDVTimer][TotalPluginStartup] 2.224982ms
2014-10-04 19:45:52.450 HelloWorld[53469:3922299] Resetting plugins due to page load.
2014-10-04 19:45:52.489 HelloWorld[53469:3922299] Finished load of: file:///Users/refaelgold/Library/Developer/CoreSimulator/Devices/863D9567-3E7A-48DA-8250-FE4BADF4E727/data/Containers/Bundle/Application/084977DD-C720-41D2-9830-0FA31796F084/HelloWorld.app/www/index.html
2014-10-04 19:45:53.844 HelloWorld[53469:3922299] THREAD WARNING: ['Camera'] took '113.298828' ms. Plugin should use a background thread.
2014-10-04 19:46:13.989 HelloWorld[53654:3924289] DiskCookieStorage changing policy from 2 to 0, cookie file: file:///Users/refaelgold/Library/Developer/CoreSimulator/Devices/863D9567-3E7A-48DA-8250-FE4BADF4E727/data/Containers/Data/Application/4FF6FE6F-AB2C-4537-B78E-8E2CA7BABAE8/Library/Cookies/Cookies.binarycookies
2014-10-04 19:46:14.052 HelloWorld[53654:3924289] Apache Cordova native platform version 3.6.3 is starting.
2014-10-04 19:46:14.053 HelloWorld[53654:3924289] Multi-tasking -> Device: YES, App: YES
2014-10-04 19:46:14.058 HelloWorld[53654:3924289] Unlimited access to network resources
2014-10-04 19:46:14.060 HelloWorld[53654:3924289] 

Started backup to iCloud! Please be careful.
Your application might be rejected by Apple if you store too much data.
For more information please read "iOS Data Storage Guidelines" at:
https://developer.apple.com/icloud/documentation/data-storage/

2014-10-04 19:46:14.167 HelloWorld[53654:3924289] [CDVTimer][file] 1.941025ms
2014-10-04 19:46:14.167 HelloWorld[53654:3924289] [CDVTimer][TotalPluginStartup] 2.091050ms
2014-10-04 19:46:14.210 HelloWorld[53654:3924289] Resetting plugins due to page load.
2014-10-04 19:46:14.249 HelloWorld[53654:3924289] Finished load of: file:///Users/refaelgold/Library/Developer/CoreSimulator/Devices/863D9567-3E7A-48DA-8250-FE4BADF4E727/data/Containers/Bundle/Application/53CDC7DE-90A9-492E-B5DB-F3D6EAF4D180/HelloWorld.app/www/index.html
2014-10-04 19:46:18.792 HelloWorld[53654:3924289] THREAD WARNING: ['Camera'] took '33.845215' ms. Plugin should use a background thread.
2014-10-05 01:03:21.680 HelloWorld[56980:4221290] DiskCookieStorage changing policy from 2 to 0, cookie file: file:///Users/refaelgold/Library/Developer/CoreSimulator/Devices/863D9567-3E7A-48DA-8250-FE4BADF4E727/data/Containers/Data/Application/CB406D1C-EEC0-4570-9C93-4FC006A5B7AA/Library/Cookies/Cookies.binarycookies
2014-10-05 01:03:21.961 HelloWorld[56980:4221290] Apache Cordova native platform version 3.6.3 is starting.
2014-10-05 01:03:21.962 HelloWorld[56980:4221290] Multi-tasking -> Device: YES, App: YES
2014-10-05 01:03:21.967 HelloWorld[56980:4221290] Unlimited access to network resources
2014-10-05 01:03:21.982 HelloWorld[56980:4221290] 

Started backup to iCloud! Please be careful.
Your application might be rejected by Apple if you store too much data.
For more information please read "iOS Data Storage Guidelines" at:
https://developer.apple.com/icloud/documentation/data-storage/

2014-10-05 01:03:22.191 HelloWorld[56980:4221290] [CDVTimer][file] 57.179034ms
2014-10-05 01:03:22.192 HelloWorld[56980:4221290] [CDVTimer][TotalPluginStartup] 57.361007ms
2014-10-05 01:03:22.816 HelloWorld[56980:4221290] Resetting plugins due to page load.
2014-10-05 01:03:22.911 HelloWorld[56980:4221290] Finished load of: file:///Users/refaelgold/Library/Developer/CoreSimulator/Devices/863D9567-3E7A-48DA-8250-FE4BADF4E727/data/Containers/Bundle/Application/AD195012-054E-4A12-8DF5-30E48591128E/HelloWorld.app/www/index.html
2014-10-05 01:03:25.826 HelloWorld[56980:4221290] THREAD WARNING: ['Camera'] took '1301.273926' ms. Plugin should use a background thread.
2014-10-05 01:46:19.139 HelloWorld[57773:4323489] DiskCookieStorage changing policy from 2 to 0, cookie file: file:///Users/refaelgold/Library/Developer/CoreSimulator/Devices/863D9567-3E7A-48DA-8250-FE4BADF4E727/data/Containers/Data/Application/E695DA3E-6A2B-41B4-AE15-E52DB96295C0/Library/Cookies/Cookies.binarycookies
2014-10-05 01:46:19.649 HelloWorld[57773:4323489] Apache Cordova native platform version 3.6.3 is starting.
2014-10-05 01:46:19.649 HelloWorld[57773:4323489] Multi-tasking -> Device: YES, App: YES
2014-10-05 01:46:19.655 HelloWorld[57773:4323489] Unlimited access to network resources
2014-10-05 01:46:19.677 HelloWorld[57773:4323489] 

Started backup to iCloud! Please be careful.
Your application might be rejected by Apple if you store too much data.
For more information please read "iOS Data Storage Guidelines" at:
https://developer.apple.com/icloud/documentation/data-storage/

2014-10-05 01:46:19.798 HelloWorld[57773:4323489] [CDVTimer][file] 22.680998ms
2014-10-05 01:46:19.798 HelloWorld[57773:4323489] [CDVTimer][TotalPluginStartup] 22.843003ms
2014-10-05 01:46:20.061 HelloWorld[57773:4323489] Resetting plugins due to page load.
2014-10-05 01:46:20.167 HelloWorld[57773:4323489] Finished load of: file:///Users/refaelgold/Library/Developer/CoreSimulator/Devices/863D9567-3E7A-48DA-8250-FE4BADF4E727/data/Containers/Bundle/Application/F238A4BE-823C-459C-AD5F-BD4481440CDB/HelloWorld.app/www/index.html
2014-10-05 01:46:22.045 HelloWorld[57773:4323489] THREAD WARNING: ['Camera'] took '388.077881' ms. Plugin should use a background thread.
2014-10-05 01:47:14.699 HelloWorld[57958:4327656] DiskCookieStorage changing policy from 2 to 0, cookie file: file:///Users/refaelgold/Library/Developer/CoreSimulator/Devices/863D9567-3E7A-48DA-8250-FE4BADF4E727/data/Containers/Data/Application/C7D9CC40-CC0A-4540-91F0-B8931756F0D9/Library/Cookies/Cookies.binarycookies
2014-10-05 01:47:14.764 HelloWorld[57958:4327656] Apache Cordova native platform version 3.6.3 is starting.
2014-10-05 01:47:14.765 HelloWorld[57958:4327656] Multi-tasking -> Device: YES, App: YES
2014-10-05 01:47:14.772 HelloWorld[57958:4327656] Unlimited access to network resources
2014-10-05 01:47:14.774 HelloWorld[57958:4327656] 

Started backup to iCloud! Please be careful.
Your application might be rejected by Apple if you store too much data.
For more information please read "iOS Data Storage Guidelines" at:
https://developer.apple.com/icloud/documentation/data-storage/

2014-10-05 01:47:14.864 HelloWorld[57958:4327656] [CDVTimer][file] 1.972020ms
2014-10-05 01:47:14.864 HelloWorld[57958:4327656] [CDVTimer][TotalPluginStartup] 2.123952ms
2014-10-05 01:47:14.908 HelloWorld[57958:4327656] Resetting plugins due to page load.
2014-10-05 01:47:14.948 HelloWorld[57958:4327656] Finished load of: file:///Users/refaelgold/Library/Developer/CoreSimulator/Devices/863D9567-3E7A-48DA-8250-FE4BADF4E727/data/Containers/Bundle/Application/E8EBADC6-F4F0-4013-BD08-C6D64452507F/HelloWorld.app/www/index.html
2014-10-05 01:47:16.562 HelloWorld[57958:4327656] THREAD WARNING: ['Camera'] took '58.061035' ms. Plugin should use a background thread.
2014-10-05 01:48:41.455 HelloWorld[58373:4331680] DiskCookieStorage changing policy from 2 to 0, cookie file: file:///Users/refaelgold/Library/Developer/CoreSimulator/Devices/863D9567-3E7A-48DA-8250-FE4BADF4E727/data/Containers/Data/Application/A01B0BE8-76B2-4036-A6F7-F5A75A725A68/Library/Cookies/Cookies.binarycookies
2014-10-05 01:48:41.639 HelloWorld[58373:4331680] Apache Cordova native platform version 3.6.3 is starting.
2014-10-05 01:48:41.640 HelloWorld[58373:4331680] Multi-tasking -> Device: YES, App: YES
2014-10-05 01:48:41.647 HelloWorld[58373:4331680] Unlimited access to network resources
2014-10-05 01:48:41.650 HelloWorld[58373:4331680] 

Started backup to iCloud! Please be careful.
Your application might be rejected by Apple if you store too much data.
For more information please read "iOS Data Storage Guidelines" at:
https://developer.apple.com/icloud/documentation/data-storage/

2014-10-05 01:48:41.781 HelloWorld[58373:4331680] [CDVTimer][file] 16.077042ms
2014-10-05 01:48:41.782 HelloWorld[58373:4331680] [CDVTimer][TotalPluginStartup] 16.237974ms
2014-10-05 01:48:42.028 HelloWorld[58373:4331680] Resetting plugins due to page load.
2014-10-05 01:48:42.097 HelloWorld[58373:4331680] Finished load of: file:///Users/refaelgold/Library/Developer/CoreSimulator/Devices/863D9567-3E7A-48DA-8250-FE4BADF4E727/data/Containers/Bundle/Application/6C1269D3-82DA-441B-9C21-DCFC11E7F9EE/HelloWorld.app/www/index.html
2014-10-05 01:48:44.552 HelloWorld[58373:4331680] THREAD WARNING: ['Camera'] took '433.598877' ms. Plugin should use a background thread.
2014-10-05 01:51:09.399 HelloWorld[58570:4342313] DiskCookieStorage changing policy from 2 to 0, cookie file: file:///Users/refaelgold/Library/Developer/CoreSimulator/Devices/863D9567-3E7A-48DA-8250-FE4BADF4E727/data/Containers/Data/Application/B02A9BFC-3228-4FFD-B7B9-E489BE5CBA75/Library/Cookies/Cookies.binarycookies
2014-10-05 01:51:09.456 HelloWorld[58570:4342313] Apache Cordova native platform version 3.6.3 is starting.
2014-10-05 01:51:09.456 HelloWorld[58570:4342313] Multi-tasking -> Device: YES, App: YES
2014-10-05 01:51:09.461 HelloWorld[58570:4342313] Unlimited access to network resources
2014-10-05 01:51:09.463 HelloWorld[58570:4342313] 

Started backup to iCloud! Please be careful.
Your application might be rejected by Apple if you store too much data.
For more information please read "iOS Data Storage Guidelines" at:
https://developer.apple.com/icloud/documentation/data-storage/

2014-10-05 01:51:09.551 HelloWorld[58570:4342313] [CDVTimer][file] 1.954019ms
2014-10-05 01:51:09.551 HelloWorld[58570:4342313] [CDVTimer][TotalPluginStartup] 2.102971ms
2014-10-05 01:51:09.595 HelloWorld[58570:4342313] Resetting plugins due to page load.
2014-10-05 01:51:09.633 HelloWorld[58570:4342313] Finished load of: file:///Users/refaelgold/Library/Developer/CoreSimulator/Devices/863D9567-3E7A-48DA-8250-FE4BADF4E727/data/Containers/Bundle/Application/B617AF2A-6177-4FBC-BB34-B17BE662BEB9/HelloWorld.app/www/index.html
2014-10-05 01:51:11.488 HelloWorld[58570:4342313] THREAD WARNING: ['Camera'] took '62.930176' ms. Plugin should use a background thread.
2014-10-05 01:53:21.885 HelloWorld[58768:4351514] DiskCookieStorage changing policy from 2 to 0, cookie file: file:///Users/refaelgold/Library/Developer/CoreSimulator/Devices/863D9567-3E7A-48DA-8250-FE4BADF4E727/data/Containers/Data/Application/A628DAAF-F502-4582-8284-BA604F63E28F/Library/Cookies/Cookies.binarycookies
2014-10-05 01:53:21.973 HelloWorld[58768:4351514] Apache Cordova native platform version 3.6.3 is starting.
2014-10-05 01:53:21.974 HelloWorld[58768:4351514] Multi-tasking -> Device: YES, App: YES
2014-10-05 01:53:21.979 HelloWorld[58768:4351514] Unlimited access to network resources
2014-10-05 01:53:21.981 HelloWorld[58768:4351514] 

Started backup to iCloud! Please be careful.
Your application might be rejected by Apple if you store too much data.
For more information please read "iOS Data Storage Guidelines" at:
https://developer.apple.com/icloud/documentation/data-storage/

2014-10-05 01:53:22.070 HelloWorld[58768:4351514] [CDVTimer][file] 2.283037ms
2014-10-05 01:53:22.070 HelloWorld[58768:4351514] [CDVTimer][TotalPluginStartup] 2.477944ms
2014-10-05 01:53:22.119 HelloWorld[58768:4351514] Resetting plugins due to page load.
2014-10-05 01:53:22.155 HelloWorld[58768:4351514] Finished load of: file:///Users/refaelgold/Library/Developer/CoreSimulator/Devices/863D9567-3E7A-48DA-8250-FE4BADF4E727/data/Containers/Bundle/Application/1ED0BFC2-DA73-4469-BEE2-F11F651B7B60/HelloWorld.app/www/index.html
2014-10-05 01:53:24.230 HelloWorld[58768:4351514] THREAD WARNING: ['Camera'] took '58.851807' ms. Plugin should use a background thread.
2014-10-05 01:55:20.907 HelloWorld[58965:4360969] DiskCookieStorage changing policy from 2 to 0, cookie file: file:///Users/refaelgold/Library/Developer/CoreSimulator/Devices/863D9567-3E7A-48DA-8250-FE4BADF4E727/data/Containers/Data/Application/A5BA6815-759A-41FA-AA72-503EAE0CA704/Library/Cookies/Cookies.binarycookies
2014-10-05 01:55:20.997 HelloWorld[58965:4360969] Apache Cordova native platform version 3.6.3 is starting.
2014-10-05 01:55:20.997 HelloWorld[58965:4360969] Multi-tasking -> Device: YES, App: YES
2014-10-05 01:55:21.004 HelloWorld[58965:4360969] Unlimited access to network resources
2014-10-05 01:55:21.006 HelloWorld[58965:4360969] 

Started backup to iCloud! Please be careful.
Your application might be rejected by Apple if you store too much data.
For more information please read "iOS Data Storage Guidelines" at:
https://developer.apple.com/icloud/documentation/data-storage/

2014-10-05 01:55:21.104 HelloWorld[58965:4360969] [CDVTimer][file] 2.057016ms
2014-10-05 01:55:21.104 HelloWorld[58965:4360969] [CDVTimer][TotalPluginStartup] 2.220988ms
2014-10-05 01:55:21.186 HelloWorld[58965:4360969] Resetting plugins due to page load.
2014-10-05 01:55:21.236 HelloWorld[58965:4360969] Finished load of: file:///Users/refaelgold/Library/Developer/CoreSimulator/Devices/863D9567-3E7A-48DA-8250-FE4BADF4E727/data/Containers/Bundle/Application/B42D9F63-F513-43B5-8F81-57D228B9DF64/HelloWorld.app/www/index.html
2014-10-05 01:55:22.750 HelloWorld[58965:4360969] THREAD WARNING: ['Camera'] took '78.660156' ms. Plugin should use a background thread.
2014-10-05 01:55:37.591 HelloWorld[59156:4362717] DiskCookieStorage changing policy from 2 to 0, cookie file: file:///Users/refaelgold/Library/Developer/CoreSimulator/Devices/863D9567-3E7A-48DA-8250-FE4BADF4E727/data/Containers/Data/Application/E57A284C-0ED6-482B-840F-1EB050B106E2/Library/Cookies/Cookies.binarycookies
2014-10-05 01:55:37.670 HelloWorld[59156:4362717] Apache Cordova native platform version 3.6.3 is starting.
2014-10-05 01:55:37.671 HelloWorld[59156:4362717] Multi-tasking -> Device: YES, App: YES
2014-10-05 01:55:37.676 HelloWorld[59156:4362717] Unlimited access to network resources
2014-10-05 01:55:37.679 HelloWorld[59156:4362717] 

Started backup to iCloud! Please be careful.
Your application might be rejected by Apple if you store too much data.
For more information please read "iOS Data Storage Guidelines" at:
https://developer.apple.com/icloud/documentation/data-storage/

2014-10-05 01:55:37.781 HelloWorld[59156:4362717] [CDVTimer][file] 2.161980ms
2014-10-05 01:55:37.781 HelloWorld[59156:4362717] [CDVTimer][TotalPluginStartup] 2.328038ms
2014-10-05 01:55:37.832 HelloWorld[59156:4362717] Resetting plugins due to page load.
2014-10-05 01:55:37.875 HelloWorld[59156:4362717] Finished load of: file:///Users/refaelgold/Library/Developer/CoreSimulator/Devices/863D9567-3E7A-48DA-8250-FE4BADF4E727/data/Containers/Bundle/Application/4258520D-68EA-4DF9-8566-594FEA02DD07/HelloWorld.app/www/index.html
2014-10-05 01:55:45.370 HelloWorld[59156:4362717] THREAD WARNING: ['Camera'] took '34.368164' ms. Plugin should use a background thread.
2014-10-05 01:57:02.746 HelloWorld[59344:4367668] DiskCookieStorage changing policy from 2 to 0, cookie file: file:///Users/refaelgold/Library/Developer/CoreSimulator/Devices/863D9567-3E7A-48DA-8250-FE4BADF4E727/data/Containers/Data/Application/53751155-84FD-4952-B8EF-BFEB380407A4/Library/Cookies/Cookies.binarycookies
2014-10-05 01:57:02.807 HelloWorld[59344:4367668] Apache Cordova native platform version 3.6.3 is starting.
2014-10-05 01:57:02.807 HelloWorld[59344:4367668] Multi-tasking -> Device: YES, App: YES
2014-10-05 01:57:02.812 HelloWorld[59344:4367668] Unlimited access to network resources
2014-10-05 01:57:02.814 HelloWorld[59344:4367668] 

Started backup to iCloud! Please be careful.
Your application might be rejected by Apple if you store too much data.
For more information please read "iOS Data Storage Guidelines" at:
https://developer.apple.com/icloud/documentation/data-storage/

2014-10-05 01:57:02.902 HelloWorld[59344:4367668] [CDVTimer][file] 2.052009ms
2014-10-05 01:57:02.902 HelloWorld[59344:4367668] [CDVTimer][TotalPluginStartup] 2.234995ms
2014-10-05 01:57:02.945 HelloWorld[59344:4367668] Resetting plugins due to page load.
2014-10-05 01:57:02.983 HelloWorld[59344:4367668] Finished load of: file:///Users/refaelgold/Library/Developer/CoreSimulator/Devices/863D9567-3E7A-48DA-8250-FE4BADF4E727/data/Containers/Bundle/Application/F419899B-1593-4A60-9137-0EC235B21C40/HelloWorld.app/www/index.html
2014-10-05 01:57:04.445 HelloWorld[59344:4367668] THREAD WARNING: ['Camera'] took '61.377930' ms. Plugin should use a background thread.
2014-10-05 01:58:06.605 HelloWorld[59532:4373372] DiskCookieStorage changing policy from 2 to 0, cookie file: file:///Users/refaelgold/Library/Developer/CoreSimulator/Devices/863D9567-3E7A-48DA-8250-FE4BADF4E727/data/Containers/Data/Application/6E158704-229E-4446-B279-686CB5DD5098/Library/Cookies/Cookies.binarycookies
2014-10-05 01:58:06.678 HelloWorld[59532:4373372] Apache Cordova native platform version 3.6.3 is starting.
2014-10-05 01:58:06.678 HelloWorld[59532:4373372] Multi-tasking -> Device: YES, App: YES
2014-10-05 01:58:06.683 HelloWorld[59532:4373372] Unlimited access to network resources
2014-10-05 01:58:06.686 HelloWorld[59532:4373372] 

Started backup to iCloud! Please be careful.
Your application might be rejected by Apple if you store too much data.
For more information please read "iOS Data Storage Guidelines" at:
https://developer.apple.com/icloud/documentation/data-storage/

2014-10-05 01:58:06.771 HelloWorld[59532:4373372] [CDVTimer][file] 2.117991ms
2014-10-05 01:58:06.771 HelloWorld[59532:4373372] [CDVTimer][TotalPluginStartup] 2.286017ms
2014-10-05 01:58:06.816 HelloWorld[59532:4373372] Resetting plugins due to page load.
2014-10-05 01:58:06.856 HelloWorld[59532:4373372] Finished load of: file:///Users/refaelgold/Library/Developer/CoreSimulator/Devices/863D9567-3E7A-48DA-8250-FE4BADF4E727/data/Containers/Bundle/Application/7639A4D4-11DC-4F15-B75E-6C69CEDD6CA9/HelloWorld.app/www/index.html
2014-10-05 01:58:07.401 HelloWorld[59532:4373372] THREAD WARNING: ['Camera'] took '35.027832' ms. Plugin should use a background thread.
